#
# There is insufficient memory for the Java Runtime Environment to continue.
# Native memory allocation (malloc) failed to allocate 32784 bytes for Chunk::new
# Possible reasons:
#   The system is out of physical RAM or swap space
#   The process is running with CompressedOops enabled, and the Java Heap may be blocking the growth of the native heap
# Possible solutions:
#   Reduce memory load on the system
#   Increase physical memory or swap space
#   Check if swap backing store is full
#   Decrease Java heap size (-Xmx/-Xms)
#   Decrease number of Java threads
#   Decrease Java thread stack sizes (-Xss)
#   Set larger code cache with -XX:ReservedCodeCacheSize=
#   JVM is running with Unscaled Compressed Oops mode in which the Java heap is
#     placed in the first 4GB address space. The Java Heap base address is the
#     maximum limit for the native heap growth. Please use -XX:HeapBaseMinAddress
#     to set the Java Heap base and to place the Java Heap above 4GB virtual address.
# This output file may be truncated or incomplete.
#
#  Out of Memory Error (allocation.cpp:389), pid=2708, tid=0x0000000000006fa0
#
# JRE version: OpenJDK Runtime Environment (8.0_202-b03) (build 1.8.0_202-release-1483-b03)
# Java VM: OpenJDK 64-Bit Server VM (25.202-b03 mixed mode windows-amd64 compressed oops)
# Failed to write core dump. Minidumps are not enabled by default on client versions of Windows
#

---------------  T H R E A D  ---------------

Current thread (0x0000000018fc2000):  JavaThread "C2 CompilerThread0" daemon [_thread_in_native, id=28576, stack(0x0000000019780000,0x0000000019880000)]

Stack: [0x0000000019780000,0x0000000019880000]
[error occurred during error reporting (printing stack bounds), id 0xc0000005]

Native frames: (J=compiled Java code, j=interpreted, Vv=VM code, C=native code)


Current CompileTask:
C2:1913975 13296   !   4       java.util.zip.ZipFile::getInputStream (304 bytes)


---------------  P R O C E S S  ---------------

Java Threads: ( => current thread )
  0x000000001b492800 JavaThread "Cache worker for Java compile cache (C:\Users\User\itsability\.gradle\5.4.1\javaCompile)" [_thread_blocked, id=21632, stack(0x000000002abf0000,0x000000002acf0000)]
  0x000000001b490800 JavaThread "Cache worker for Java compile cache (C:\Users\User\.gradle\caches\5.4.1\javaCompile)" [_thread_blocked, id=28904, stack(0x000000002aaf0000,0x000000002abf0000)]
  0x000000001b492000 JavaThread "stdout" [_thread_in_native, id=26836, stack(0x000000002a9f0000,0x000000002aaf0000)]
  0x000000001b48e000 JavaThread "stderr" [_thread_in_native, id=36420, stack(0x000000002a8f0000,0x000000002a9f0000)]
  0x0000000022e9f800 JavaThread "stdout" [_thread_in_native, id=36512, stack(0x000000002a7f0000,0x000000002a8f0000)]
  0x0000000022e9e800 JavaThread "stderr" [_thread_in_native, id=34912, stack(0x000000002a6f0000,0x000000002a7f0000)]
  0x0000000022e9e000 JavaThread "stdout" [_thread_in_native, id=26380, stack(0x000000002a5f0000,0x000000002a6f0000)]
  0x0000000022e9c800 JavaThread "stderr" [_thread_in_native, id=38576, stack(0x000000002a4f0000,0x000000002a5f0000)]
  0x0000000022e9b800 JavaThread "stdout" [_thread_in_native, id=20824, stack(0x000000002a3f0000,0x000000002a4f0000)]
  0x0000000022e9b000 JavaThread "stderr" [_thread_in_native, id=1612, stack(0x000000002a2f0000,0x000000002a3f0000)]
  0x0000000022e9d000 JavaThread "stdout" [_thread_in_native, id=36228, stack(0x000000002a1f0000,0x000000002a2f0000)]
  0x0000000022e9a000 JavaThread "stderr" [_thread_in_native, id=15072, stack(0x000000002a0f0000,0x000000002a1f0000)]
  0x0000000022ea0000 JavaThread "stdout" [_thread_in_native, id=24648, stack(0x0000000029ff0000,0x000000002a0f0000)]
  0x0000000022e92800 JavaThread "stderr" [_thread_in_native, id=30160, stack(0x0000000029ef0000,0x0000000029ff0000)]
  0x0000000022e99800 JavaThread "stdout" [_thread_in_native, id=32868, stack(0x0000000029df0000,0x0000000029ef0000)]
  0x0000000022e92000 JavaThread "stderr" [_thread_in_native, id=37460, stack(0x0000000029cf0000,0x0000000029df0000)]
  0x0000000022e96800 JavaThread "stdout" [_thread_in_native, id=38196, stack(0x0000000029bf0000,0x0000000029cf0000)]
  0x0000000022e94000 JavaThread "stderr" [_thread_in_native, id=36904, stack(0x0000000029af0000,0x0000000029bf0000)]
  0x0000000022e95800 JavaThread "WorkerExecutor Queue Thread 8" [_thread_blocked, id=36092, stack(0x00000000299f0000,0x0000000029af0000)]
  0x0000000022e93800 JavaThread "WorkerExecutor Queue Thread 7" [_thread_blocked, id=31900, stack(0x00000000298f0000,0x00000000299f0000)]
  0x0000000022e98800 JavaThread "pool-4-thread-1" [_thread_blocked, id=38880, stack(0x00000000297f0000,0x00000000298f0000)]
  0x0000000022e97000 JavaThread "WorkerExecutor Queue Thread 6" [_thread_in_Java, id=2904, stack(0x00000000296f0000,0x00000000297f0000)]
  0x0000000022e95000 JavaThread "WorkerExecutor Queue Thread 5" [_thread_blocked, id=32564, stack(0x00000000295f0000,0x00000000296f0000)]
  0x0000000022e91000 JavaThread "WorkerExecutor Queue Thread 4" [_thread_blocked, id=37480, stack(0x00000000294f0000,0x00000000295f0000)]
  0x000000001aef6800 JavaThread "WorkerExecutor Queue Thread 3" [_thread_in_native, id=17708, stack(0x00000000293f0000,0x00000000294f0000)]
  0x000000001aef5000 JavaThread "WorkerExecutor Queue Thread 2" [_thread_in_native, id=34504, stack(0x00000000292f0000,0x00000000293f0000)]
  0x000000001ca63800 JavaThread "WorkerExecutor Queue" [_thread_blocked, id=28868, stack(0x00000000291f0000,0x00000000292f0000)]
  0x000000001ca62000 JavaThread "Cache worker for execution history cache (C:\Users\User\itsability\.gradle\5.4.1\executionHistory)" [_thread_blocked, id=34076, stack(0x00000000290f0000,0x00000000291f0000)]
  0x000000001ca5e000 JavaThread "Execution worker for ':' Thread 7" [_thread_blocked, id=36856, stack(0x0000000028ff0000,0x00000000290f0000)]
  0x000000001ca57800 JavaThread "Execution worker for ':' Thread 6" [_thread_blocked, id=31524, stack(0x0000000028ef0000,0x0000000028ff0000)]
  0x000000001ca5d800 JavaThread "Execution worker for ':' Thread 5" [_thread_blocked, id=34664, stack(0x0000000028df0000,0x0000000028ef0000)]
  0x000000001ca56000 JavaThread "Execution worker for ':' Thread 4" [_thread_blocked, id=24424, stack(0x0000000028cf0000,0x0000000028df0000)]
  0x000000001ca5c800 JavaThread "Execution worker for ':' Thread 3" [_thread_blocked, id=36236, stack(0x0000000028bf0000,0x0000000028cf0000)]
  0x000000001ca55000 JavaThread "Execution worker for ':' Thread 2" [_thread_blocked, id=21576, stack(0x0000000028af0000,0x0000000028bf0000)]
  0x000000001ca56800 JavaThread "Execution worker for ':'" [_thread_blocked, id=34936, stack(0x00000000289f0000,0x0000000028af0000)]
  0x000000001ca5c000 JavaThread "Cache worker for file content cache (C:\Users\User\itsability\.gradle\5.4.1\fileContent)" [_thread_blocked, id=37444, stack(0x00000000288f0000,0x00000000289f0000)]
  0x000000001ca5b000 JavaThread "Cache worker for file content cache (C:\Users\User\.gradle\caches\5.4.1\fileContent)" [_thread_blocked, id=34052, stack(0x00000000287f0000,0x00000000288f0000)]
  0x000000001e021800 JavaThread "Cache worker for Build Output Cleanup Cache (C:\Users\User\itsability\.gradle\buildOutputCleanup)" [_thread_blocked, id=38716, stack(0x00000000286f0000,0x00000000287f0000)]
  0x000000001e021000 JavaThread "Build operations Thread 8" [_thread_blocked, id=36532, stack(0x00000000285f0000,0x00000000286f0000)]
  0x000000001e020000 JavaThread "Build operations Thread 7" [_thread_blocked, id=30116, stack(0x00000000284f0000,0x00000000285f0000)]
  0x000000001e01f800 JavaThread "Build operations Thread 6" [_thread_blocked, id=35988, stack(0x00000000283f0000,0x00000000284f0000)]
  0x000000001e01e800 JavaThread "Build operations Thread 5" [_thread_blocked, id=37820, stack(0x00000000282f0000,0x00000000283f0000)]
  0x000000001e01e000 JavaThread "Build operations Thread 4" [_thread_blocked, id=37192, stack(0x00000000281f0000,0x00000000282f0000)]
  0x000000001e01b800 JavaThread "Build operations Thread 3" [_thread_blocked, id=12328, stack(0x00000000280f0000,0x00000000281f0000)]
  0x000000001e022800 JavaThread "Build operations Thread 2" [_thread_blocked, id=27696, stack(0x0000000027ff0000,0x00000000280f0000)]
  0x000000001e01c800 JavaThread "Build operations" [_thread_blocked, id=26268, stack(0x0000000027ef0000,0x0000000027ff0000)]
  0x000000001e01d000 JavaThread "Cache worker for cache directory md-rule (C:\Users\User\.gradle\caches\5.4.1\md-rule)" [_thread_blocked, id=36956, stack(0x0000000027df0000,0x0000000027ef0000)]
  0x000000001e014000 JavaThread "Cache worker for cache directory md-supplier (C:\Users\User\.gradle\caches\5.4.1\md-supplier)" [_thread_blocked, id=35900, stack(0x0000000027cf0000,0x0000000027df0000)]
  0x000000001e018800 JavaThread "Cache worker for file hash cache (C:\Users\User\itsability\.gradle\5.4.1\fileHashes)" [_thread_blocked, id=23168, stack(0x0000000027bf0000,0x0000000027cf0000)]
  0x000000001e016800 JavaThread "Thread-41" [_thread_blocked, id=35404, stack(0x0000000027af0000,0x0000000027bf0000)]
  0x000000001e015800 JavaThread "Stdin handler" [_thread_blocked, id=11340, stack(0x00000000279f0000,0x0000000027af0000)]
  0x000000001e018000 JavaThread "Asynchronous log dispatcher for DefaultDaemonConnection: socket connection from /127.0.0.1:56504 to /127.0.0.1:56690" [_thread_blocked, id=32944, stack(0x00000000278f0000,0x00000000279f0000)]
  0x000000001e017000 JavaThread "Daemon worker Thread 2" [_thread_blocked, id=36708, stack(0x00000000277f0000,0x00000000278f0000)]
  0x000000001e01b000 JavaThread "Cancel handler" [_thread_blocked, id=17116, stack(0x00000000276f0000,0x00000000277f0000)]
  0x000000001e013800 JavaThread "Handler for socket connection from /127.0.0.1:56504 to /127.0.0.1:56690" [_thread_in_native, id=21236, stack(0x00000000275f0000,0x00000000276f0000)]
  0x000000001e01a000 JavaThread "Daemon Thread 2" [_thread_blocked, id=37404, stack(0x00000000274f0000,0x00000000275f0000)]
  0x000000001ca61000 JavaThread "Memory manager" [_thread_blocked, id=11660, stack(0x0000000025c90000,0x0000000025d90000)]
  0x000000001ca59000 JavaThread "Cache worker for execution history cache (C:\Users\User\.gradle\caches\5.4.1\executionHistory)" [_thread_blocked, id=24832, stack(0x0000000021760000,0x0000000021860000)]
  0x000000001aef9800 JavaThread "Cache worker for journal cache (C:\Users\User\.gradle\caches\journal-1)" [_thread_blocked, id=33668, stack(0x000000001c950000,0x000000001ca50000)]
  0x000000001aef5800 JavaThread "File lock request listener" [_thread_in_native, id=29068, stack(0x000000001c850000,0x000000001c950000)]
  0x000000001aef8800 JavaThread "Cache worker for file hash cache (C:\Users\User\.gradle\caches\5.4.1\fileHashes)" [_thread_blocked, id=36540, stack(0x000000001c550000,0x000000001c650000)]
  0x000000001a6cb800 JavaThread "Daemon periodic checks" [_thread_blocked, id=37400, stack(0x000000001ba50000,0x000000001bb50000)]
  0x000000001a6ca800 JavaThread "Incoming local TCP Connector on port 56504" [_thread_in_native, id=35924, stack(0x000000001b870000,0x000000001b970000)]
  0x000000001ac82000 JavaThread "Daemon health stats" [_thread_blocked, id=29060, stack(0x000000001b550000,0x000000001b650000)]
  0x00000000190af000 JavaThread "Service Thread" daemon [_thread_blocked, id=3564, stack(0x0000000019b80000,0x0000000019c80000)]
  0x000000001901b000 JavaThread "C1 CompilerThread3" daemon [_thread_in_native, id=24660, stack(0x0000000019a80000,0x0000000019b80000)]
  0x00000000171bc800 JavaThread "C2 CompilerThread2" daemon [_thread_in_native, id=36448, stack(0x0000000019980000,0x0000000019a80000)]
  0x00000000171bb000 JavaThread "C2 CompilerThread1" daemon [_thread_in_native, id=36736, stack(0x0000000019880000,0x0000000019980000)]
=>0x0000000018fc2000 JavaThread "C2 CompilerThread0" daemon [_thread_in_native, id=28576, stack(0x0000000019780000,0x0000000019880000)]
  0x0000000018fbb800 JavaThread "Attach Listener" daemon [_thread_blocked, id=38108, stack(0x0000000019680000,0x0000000019780000)]
  0x0000000019018000 JavaThread "Signal Dispatcher" daemon [_thread_blocked, id=32296, stack(0x0000000019580000,0x0000000019680000)]
  0x00000000033ee000 JavaThread "Finalizer" daemon [_thread_blocked, id=36160, stack(0x0000000019480000,0x0000000019580000)]
  0x00000000033e5000 JavaThread "Reference Handler" daemon [_thread_blocked, id=37596, stack(0x0000000019380000,0x0000000019480000)]
  0x00000000032f2800 JavaThread "main" [_thread_blocked, id=37412, stack(0x0000000003120000,0x0000000003220000)]

Other Threads:
  0x00000000171a8000 VMThread [stack: 0x0000000018e80000,0x0000000018f80000] [id=38312]
  0x000000001902a000 WatcherThread [stack: 0x0000000019c80000,0x0000000019d80000] [id=34564]

VM state:not at safepoint (normal execution)

VM Mutex/Monitor currently owned by a thread: None

heap address: 0x00000000a0000000, size: 1536 MB, Compressed Oops mode: 32-bit
Narrow klass base: 0x0000000000000000, Narrow klass shift: 3
Compressed class space size: 1073741824 Address: 0x0000000100000000

Heap:
 PSYoungGen      total 128512K, used 104424K [0x00000000e0000000, 0x00000000eaa00000, 0x0000000100000000)
  eden space 104960K, 78% used [0x00000000e0000000,0x00000000e5079480,0x00000000e6680000)
  from space 23552K, 93% used [0x00000000e6680000,0x00000000e7c00e58,0x00000000e7d80000)
  to   space 26112K, 0% used [0x00000000e9080000,0x00000000e9080000,0x00000000eaa00000)
 ParOldGen       total 139264K, used 48071K [0x00000000a0000000, 0x00000000a8800000, 0x00000000e0000000)
  object space 139264K, 34% used [0x00000000a0000000,0x00000000a2ef1f40,0x00000000a8800000)
 Metaspace       used 81967K, capacity 85280K, committed 85504K, reserved 1124352K
  class space    used 10589K, capacity 11263K, committed 11264K, reserved 1048576K

Card table byte_map: [0x00000000127b0000,0x0000000012ac0000] byte_map_base: 0x00000000122b0000

Marking Bits: (ParMarkBitMap*) 0x000000005e859f30
 Begin Bits: [0x00000000134c0000, 0x0000000014cc0000)
 End Bits:   [0x0000000014cc0000, 0x00000000164c0000)

Polling page: 0x0000000002da0000

CodeCache: size=245760Kb used=38759Kb max_used=39125Kb free=207000Kb
 bounds [0x00000000033f0000, 0x0000000005a50000, 0x00000000123f0000]
 total_blobs=12305 nmethods=11437 adapters=780
 compilation: enabled

Compilation events (10 events):
Event: 1913.046 Thread 0x00000000171bb000 13294   !   4       sun.misc.Resource::getBytes (242 bytes)
Event: 1913.055 Thread 0x0000000018fc2000 13295       4       java.nio.HeapByteBuffer::get (14 bytes)
Event: 1913.056 Thread 0x0000000018fc2000 nmethod 13295 0x0000000004783090 code [0x00000000047831c0, 0x0000000004783298]
Event: 1913.076 Thread 0x0000000018fc2000 13296   !   4       java.util.zip.ZipFile::getInputStream (304 bytes)
Event: 1913.080 Thread 0x000000001901b000 13297       3       com.google.common.base.Verify::verify (13 bytes)
Event: 1913.080 Thread 0x000000001901b000 nmethod 13297 0x0000000003cbea50 code [0x0000000003cbebc0, 0x0000000003cbede8]
Event: 1913.082 Thread 0x000000001901b000 13299       3       com.android.tools.build.apkzlib.zip.ZipField::checkVerifiesInvariants (104 bytes)
Event: 1913.082 Thread 0x000000001901b000 nmethod 13299 0x0000000004b56610 code [0x0000000004b568a0, 0x0000000004b57728]
Event: 1913.084 Thread 0x000000001901b000 13304   !   3       java.nio.file.FileTreeWalker::visit (204 bytes)
Event: 1913.086 Thread 0x000000001901b000 nmethod 13304 0x000000000518bb90 code [0x000000000518bea0, 0x000000000518d768]

GC Heap History (10 events):
Event: 1898.637 GC heap before
{Heap before GC invocations=20 (full 3):
 PSYoungGen      total 130560K, used 126582K [0x00000000e0000000, 0x00000000e9000000, 0x0000000100000000)
  eden space 114688K, 100% used [0x00000000e0000000,0x00000000e7000000,0x00000000e7000000)
  from space 15872K, 74% used [0x00000000e8080000,0x00000000e8c1d980,0x00000000e9000000)
  to   space 16384K, 0% used [0x00000000e7000000,0x00000000e7000000,0x00000000e8000000)
 ParOldGen       total 139264K, used 33015K [0x00000000a0000000, 0x00000000a8800000, 0x00000000e0000000)
  object space 139264K, 23% used [0x00000000a0000000,0x00000000a203dd90,0x00000000a8800000)
 Metaspace       used 72363K, capacity 75272K, committed 75520K, reserved 1114112K
  class space    used 9527K, capacity 10143K, committed 10240K, reserved 1048576K
Event: 1898.747 GC heap after
Heap after GC invocations=20 (full 3):
 PSYoungGen      total 128512K, used 16381K [0x00000000e0000000, 0x00000000e9280000, 0x0000000100000000)
  eden space 112128K, 0% used [0x00000000e0000000,0x00000000e0000000,0x00000000e6d80000)
  from space 16384K, 99% used [0x00000000e7000000,0x00000000e7fff478,0x00000000e8000000)
  to   space 18944K, 0% used [0x00000000e8000000,0x00000000e8000000,0x00000000e9280000)
 ParOldGen       total 139264K, used 34456K [0x00000000a0000000, 0x00000000a8800000, 0x00000000e0000000)
  object space 139264K, 24% used [0x00000000a0000000,0x00000000a21a61e0,0x00000000a8800000)
 Metaspace       used 72363K, capacity 75272K, committed 75520K, reserved 1114112K
  class space    used 9527K, capacity 10143K, committed 10240K, reserved 1048576K
}
Event: 1901.258 GC heap before
{Heap before GC invocations=21 (full 3):
 PSYoungGen      total 128512K, used 128324K [0x00000000e0000000, 0x00000000e9280000, 0x0000000100000000)
  eden space 112128K, 99% used [0x00000000e0000000,0x00000000e6d51d10,0x00000000e6d80000)
  from space 16384K, 99% used [0x00000000e7000000,0x00000000e7fff478,0x00000000e8000000)
  to   space 18944K, 0% used [0x00000000e8000000,0x00000000e8000000,0x00000000e9280000)
 ParOldGen       total 139264K, used 34456K [0x00000000a0000000, 0x00000000a8800000, 0x00000000e0000000)
  object space 139264K, 24% used [0x00000000a0000000,0x00000000a21a61e0,0x00000000a8800000)
 Metaspace       used 73867K, capacity 76938K, committed 77184K, reserved 1116160K
  class space    used 9652K, capacity 10274K, committed 10368K, reserved 1048576K
Event: 1901.284 GC heap after
Heap after GC invocations=21 (full 3):
 PSYoungGen      total 125952K, used 18937K [0x00000000e0000000, 0x00000000e9a00000, 0x0000000100000000)
  eden space 107008K, 0% used [0x00000000e0000000,0x00000000e0000000,0x00000000e6880000)
  from space 18944K, 99% used [0x00000000e8000000,0x00000000e927e738,0x00000000e9280000)
  to   space 24064K, 0% used [0x00000000e6880000,0x00000000e6880000,0x00000000e8000000)
 ParOldGen       total 139264K, used 40662K [0x00000000a0000000, 0x00000000a8800000, 0x00000000e0000000)
  object space 139264K, 29% used [0x00000000a0000000,0x00000000a27b59b0,0x00000000a8800000)
 Metaspace       used 73867K, capacity 76938K, committed 77184K, reserved 1116160K
  class space    used 9652K, capacity 10274K, committed 10368K, reserved 1048576K
}
Event: 1906.567 GC heap before
{Heap before GC invocations=22 (full 3):
 PSYoungGen      total 125952K, used 125945K [0x00000000e0000000, 0x00000000e9a00000, 0x0000000100000000)
  eden space 107008K, 100% used [0x00000000e0000000,0x00000000e6880000,0x00000000e6880000)
  from space 18944K, 99% used [0x00000000e8000000,0x00000000e927e738,0x00000000e9280000)
  to   space 24064K, 0% used [0x00000000e6880000,0x00000000e6880000,0x00000000e8000000)
 ParOldGen       total 139264K, used 40662K [0x00000000a0000000, 0x00000000a8800000, 0x00000000e0000000)
  object space 139264K, 29% used [0x00000000a0000000,0x00000000a27b59b0,0x00000000a8800000)
 Metaspace       used 75167K, capacity 78338K, committed 78592K, reserved 1118208K
  class space    used 9765K, capacity 10442K, committed 10496K, reserved 1048576K
Event: 1906.590 GC heap after
Heap after GC invocations=22 (full 3):
 PSYoungGen      total 119296K, used 14556K [0x00000000e0000000, 0x00000000e9500000, 0x0000000100000000)
  eden space 104448K, 0% used [0x00000000e0000000,0x00000000e0000000,0x00000000e6600000)
  from space 14848K, 98% used [0x00000000e6880000,0x00000000e76b7388,0x00000000e7700000)
  to   space 24064K, 0% used [0x00000000e7d80000,0x00000000e7d80000,0x00000000e9500000)
 ParOldGen       total 139264K, used 48055K [0x00000000a0000000, 0x00000000a8800000, 0x00000000e0000000)
  object space 139264K, 34% used [0x00000000a0000000,0x00000000a2eedf40,0x00000000a8800000)
 Metaspace       used 75167K, capacity 78338K, committed 78592K, reserved 1118208K
  class space    used 9765K, capacity 10442K, committed 10496K, reserved 1048576K
}
Event: 1907.280 GC heap before
{Heap before GC invocations=23 (full 3):
 PSYoungGen      total 119296K, used 119004K [0x00000000e0000000, 0x00000000e9500000, 0x0000000100000000)
  eden space 104448K, 100% used [0x00000000e0000000,0x00000000e6600000,0x00000000e6600000)
  from space 14848K, 98% used [0x00000000e6880000,0x00000000e76b7388,0x00000000e7700000)
  to   space 24064K, 0% used [0x00000000e7d80000,0x00000000e7d80000,0x00000000e9500000)
 ParOldGen       total 139264K, used 48055K [0x00000000a0000000, 0x00000000a8800000, 0x00000000e0000000)
  object space 139264K, 34% used [0x00000000a0000000,0x00000000a2eedf40,0x00000000a8800000)
 Metaspace       used 75212K, capacity 78402K, committed 78592K, reserved 1118208K
  class space    used 9767K, capacity 10442K, committed 10496K, reserved 1048576K
Event: 1907.300 GC heap after
Heap after GC invocations=23 (full 3):
 PSYoungGen      total 129024K, used 14384K [0x00000000e0000000, 0x00000000ea180000, 0x0000000100000000)
  eden space 104960K, 0% used [0x00000000e0000000,0x00000000e0000000,0x00000000e6680000)
  from space 24064K, 59% used [0x00000000e7d80000,0x00000000e8b8c1d8,0x00000000e9500000)
  to   space 23552K, 0% used [0x00000000e6680000,0x00000000e6680000,0x00000000e7d80000)
 ParOldGen       total 139264K, used 48063K [0x00000000a0000000, 0x00000000a8800000, 0x00000000e0000000)
  object space 139264K, 34% used [0x00000000a0000000,0x00000000a2eeff40,0x00000000a8800000)
 Metaspace       used 75212K, capacity 78402K, committed 78592K, reserved 1118208K
  class space    used 9767K, capacity 10442K, committed 10496K, reserved 1048576K
}
Event: 1910.038 GC heap before
{Heap before GC invocations=24 (full 3):
 PSYoungGen      total 129024K, used 119300K [0x00000000e0000000, 0x00000000ea180000, 0x0000000100000000)
  eden space 104960K, 99% used [0x00000000e0000000,0x00000000e66751f8,0x00000000e6680000)
  from space 24064K, 59% used [0x00000000e7d80000,0x00000000e8b8c1d8,0x00000000e9500000)
  to   space 23552K, 0% used [0x00000000e6680000,0x00000000e6680000,0x00000000e7d80000)
 ParOldGen       total 139264K, used 48063K [0x00000000a0000000, 0x00000000a8800000, 0x00000000e0000000)
  object space 139264K, 34% used [0x00000000a0000000,0x00000000a2eeff40,0x00000000a8800000)
 Metaspace       used 79198K, capacity 82342K, committed 82432K, reserved 1120256K
  class space    used 10278K, capacity 10926K, committed 11008K, reserved 1048576K
Event: 1910.122 GC heap after
Heap after GC invocations=24 (full 3):
 PSYoungGen      total 128512K, used 22019K [0x00000000e0000000, 0x00000000eaa00000, 0x0000000100000000)
  eden space 104960K, 0% used [0x00000000e0000000,0x00000000e0000000,0x00000000e6680000)
  from space 23552K, 93% used [0x00000000e6680000,0x00000000e7c00e58,0x00000000e7d80000)
  to   space 26112K, 0% used [0x00000000e9080000,0x00000000e9080000,0x00000000eaa00000)
 ParOldGen       total 139264K, used 48071K [0x00000000a0000000, 0x00000000a8800000, 0x00000000e0000000)
  object space 139264K, 34% used [0x00000000a0000000,0x00000000a2ef1f40,0x00000000a8800000)
 Metaspace       used 79198K, capacity 82342K, committed 82432K, reserved 1120256K
  class space    used 10278K, capacity 10926K, committed 11008K, reserved 1048576K
}

Deoptimization events (10 events):
Event: 1912.932 Thread 0x000000001ca56800 Uncommon trap: reason=bimorphic action=maybe_recompile pc=0x000000000598a954 method=java.security.MessageDigest$Delegate.clone()Ljava/lang/Object; @ 14
Event: 1912.933 Thread 0x000000001ca56800 Uncommon trap: reason=class_check action=maybe_recompile pc=0x0000000004efbeec method=java.lang.StringCoding.encode(Ljava/nio/charset/Charset;[CII)[B @ 1
Event: 1912.936 Thread 0x000000001ca56800 Uncommon trap: reason=unstable_if action=reinterpret pc=0x0000000005050470 method=java.lang.Character.isSurrogate(C)Z @ 3
Event: 1912.964 Thread 0x0000000022e97000 Uncommon trap: reason=unstable_if action=reinterpret pc=0x000000000442bbd4 method=java.nio.Bits.getShort(Ljava/nio/ByteBuffer;IZ)S @ 1
Event: 1912.976 Thread 0x000000001ca56800 Uncommon trap: reason=array_check action=maybe_recompile pc=0x00000000038275f0 method=java.util.ComparableTimSort.binarySort([Ljava/lang/Object;III)V @ 183
Event: 1912.977 Thread 0x000000001ca56800 Uncommon trap: reason=predicate action=maybe_recompile pc=0x0000000005a17844 method=java.util.TimSort.binarySort([Ljava/lang/Object;IIILjava/util/Comparator;)V @ 37
Event: 1913.012 Thread 0x000000001aef5000 Uncommon trap: reason=unstable_if action=reinterpret pc=0x0000000005a1dfe8 method=sun.nio.fs.Util.followLinks([Ljava/nio/file/LinkOption;)Z @ 13
Event: 1913.083 Thread 0x000000001aef5000 Uncommon trap: reason=unstable_if action=reinterpret pc=0x0000000004f20624 method=java.nio.file.FileTreeWalker.getAttributes(Ljava/nio/file/Path;Z)Ljava/nio/file/attribute/BasicFileAttributes; @ 35
Event: 1913.083 Thread 0x0000000022e95000 Uncommon trap: reason=unstable_if action=reinterpret pc=0x0000000004f20624 method=java.nio.file.FileTreeWalker.getAttributes(Ljava/nio/file/Path;Z)Ljava/nio/file/attribute/BasicFileAttributes; @ 35
Event: 1913.083 Thread 0x0000000022e95800 Uncommon trap: reason=unstable_if action=reinterpret pc=0x0000000004f20624 method=java.nio.file.FileTreeWalker.getAttributes(Ljava/nio/file/Path;Z)Ljava/nio/file/attribute/BasicFileAttributes; @ 35

Classes redefined (0 events):
No events

Internal exceptions (10 events):
Event: 1912.544 Thread 0x0000000022e97000 Implicit null exception at 0x0000000003ddb8df to 0x0000000003ddcd01
Event: 1912.545 Thread 0x0000000022e97000 Exception <a 'java/lang/NoSuchMethodError': java.lang.Object.lambda$asRunnable$0(Lcom/android/tools/build/apkzlib/utils/IOExceptionRunnable;)V> (0x00000000e31709c0) thrown at [D:\src\AOSP-openjdk-cygwin\jdk8u\hotspot\src\share\vm\interpreter\linkResolver.
Event: 1912.640 Thread 0x0000000022e97000 Exception <a 'java/lang/NoSuchMethodError': java.lang.Object.lambda$and$0(Ljava/util/function/Predicate;Ljava/lang/Object;)Z> (0x00000000e3541b30) thrown at [D:\src\AOSP-openjdk-cygwin\jdk8u\hotspot\src\share\vm\interpreter\linkResolver.cpp, line 620]
Event: 1912.770 Thread 0x0000000022e97000 Exception <a 'java/lang/NoSuchMethodError': java.lang.Object.newSystemTemporaryDirectory()Lcom/android/tools/build/apkzlib/bytestorage/TemporaryDirectory;> (0x00000000e37da180) thrown at [D:\src\AOSP-openjdk-cygwin\jdk8u\hotspot\src\share\vm\interpreter\l
Event: 1912.944 Thread 0x000000001ca56800 Exception <a 'sun/nio/fs/WindowsException'> (0x00000000e4107c98) thrown at [D:\src\AOSP-openjdk-cygwin\jdk8u\hotspot\src\share\vm\prims\jni.cpp, line 710]
Event: 1912.977 Thread 0x000000001ca56800 Exception <a 'java/lang/NoSuchMethodError': <clinit>> (0x00000000e424f038) thrown at [D:\src\AOSP-openjdk-cygwin\jdk8u\hotspot\src\share\vm\prims\jni.cpp, line 1614]
Event: 1912.978 Thread 0x000000001ca56800 Exception <a 'java/lang/NoSuchMethodError': <clinit>> (0x00000000e426e0c0) thrown at [D:\src\AOSP-openjdk-cygwin\jdk8u\hotspot\src\share\vm\prims\jni.cpp, line 1614]
Event: 1912.981 Thread 0x000000001ca56800 Exception <a 'java/lang/NoSuchMethodError': <clinit>> (0x00000000e429f378) thrown at [D:\src\AOSP-openjdk-cygwin\jdk8u\hotspot\src\share\vm\prims\jni.cpp, line 1614]
Event: 1912.981 Thread 0x000000001ca56800 Exception <a 'java/lang/NoSuchMethodError': <clinit>> (0x00000000e42ffec0) thrown at [D:\src\AOSP-openjdk-cygwin\jdk8u\hotspot\src\share\vm\prims\jni.cpp, line 1614]
Event: 1913.011 Thread 0x000000001aef5000 Exception <a 'java/lang/NoSuchMethodError': java.lang.Object.lambda$static$0(Ljava/lang/String;)Z> (0x00000000e4b92f68) thrown at [D:\src\AOSP-openjdk-cygwin\jdk8u\hotspot\src\share\vm\interpreter\linkResolver.cpp, line 620]

Events (10 events):
Event: 1913.087 Thread 0x000000001901b000 flushing nmethod 0x0000000005483310
Event: 1913.087 Thread 0x000000001901b000 flushing nmethod 0x0000000005485650
Event: 1913.087 Thread 0x000000001901b000 flushing nmethod 0x0000000005486e50
Event: 1913.087 Thread 0x000000001901b000 flushing nmethod 0x000000000549a190
Event: 1913.087 Thread 0x000000001901b000 flushing nmethod 0x000000000549c350
Event: 1913.087 Thread 0x000000001901b000 flushing nmethod 0x00000000054a18d0
Event: 1913.087 Thread 0x000000001901b000 flushing nmethod 0x00000000054a2150
Event: 1913.087 Thread 0x000000001901b000 flushing nmethod 0x00000000054a5c50
Event: 1913.087 Thread 0x000000001901b000 flushing nmethod 0x00000000054a62d0
Event: 1913.087 Thread 0x000000001901b000 flushing nmethod 0x00000000054b0610


Dynamic libraries:
0x00007ff6d0210000 - 0x00007ff6d0241000 	C:\Program Files\Android\Android Studio\jre\bin\java.exe
0x00007ffc785f0000 - 0x00007ffc787d1000 	C:\WINDOWS\SYSTEM32\ntdll.dll
0x00007ffc782b0000 - 0x00007ffc78361000 	C:\WINDOWS\System32\KERNEL32.DLL
0x00007ffc75660000 - 0x00007ffc758d3000 	C:\WINDOWS\System32\KERNELBASE.dll
0x00007ffc78000000 - 0x00007ffc780a1000 	C:\WINDOWS\System32\ADVAPI32.dll
0x00007ffc77c20000 - 0x00007ffc77cbe000 	C:\WINDOWS\System32\msvcrt.dll
0x00007ffc78490000 - 0x00007ffc784eb000 	C:\WINDOWS\System32\sechost.dll
0x00007ffc75e10000 - 0x00007ffc75f34000 	C:\WINDOWS\System32\RPCRT4.dll
0x00007ffc76480000 - 0x00007ffc76610000 	C:\WINDOWS\System32\USER32.dll
0x00007ffc751a0000 - 0x00007ffc751c0000 	C:\WINDOWS\System32\win32u.dll
0x00007ffc75ab0000 - 0x00007ffc75ad8000 	C:\WINDOWS\System32\GDI32.dll
0x00007ffc758e0000 - 0x00007ffc75a71000 	C:\WINDOWS\System32\gdi32full.dll
0x00007ffc75270000 - 0x00007ffc7530f000 	C:\WINDOWS\System32\msvcp_win.dll
0x00007ffc75560000 - 0x00007ffc75658000 	C:\WINDOWS\System32\ucrtbase.dll
0x00007ffc5c6f0000 - 0x00007ffc5c959000 	C:\WINDOWS\WinSxS\amd64_microsoft.windows.common-controls_6595b64144ccf1df_6.0.17134.950_none_fb3da4273069d3e0\COMCTL32.dll
0x00007ffc77cd0000 - 0x00007ffc77ff2000 	C:\WINDOWS\System32\combase.dll
0x00007ffc75120000 - 0x00007ffc75199000 	C:\WINDOWS\System32\bcryptPrimitives.dll
0x00007ffc76450000 - 0x00007ffc7647d000 	C:\WINDOWS\System32\IMM32.DLL
0x000000005dfb0000 - 0x000000005e082000 	C:\Program Files\Android\Android Studio\jre\jre\bin\msvcr100.dll
0x000000005e090000 - 0x000000005e8d6000 	C:\Program Files\Android\Android Studio\jre\jre\bin\server\jvm.dll
0x00007ffc77cc0000 - 0x00007ffc77cc8000 	C:\WINDOWS\System32\PSAPI.DLL
0x00007ffc70a10000 - 0x00007ffc70a33000 	C:\WINDOWS\SYSTEM32\WINMM.dll
0x00007ffc63910000 - 0x00007ffc6391a000 	C:\WINDOWS\SYSTEM32\VERSION.dll
0x00007ffc63af0000 - 0x00007ffc63af9000 	C:\WINDOWS\SYSTEM32\WSOCK32.dll
0x00007ffc709e0000 - 0x00007ffc70a0a000 	C:\WINDOWS\SYSTEM32\winmmbase.dll
0x00007ffc76610000 - 0x00007ffc7667c000 	C:\WINDOWS\System32\WS2_32.dll
0x00007ffc750d0000 - 0x00007ffc75119000 	C:\WINDOWS\System32\cfgmgr32.dll
0x00007ffc6fe70000 - 0x00007ffc6fe7f000 	C:\Program Files\Android\Android Studio\jre\jre\bin\verify.dll
0x00007ffc676c0000 - 0x00007ffc676e9000 	C:\Program Files\Android\Android Studio\jre\jre\bin\java.dll
0x00007ffc676a0000 - 0x00007ffc676b6000 	C:\Program Files\Android\Android Studio\jre\jre\bin\zip.dll
0x00007ffc767e0000 - 0x00007ffc77c20000 	C:\WINDOWS\System32\SHELL32.dll
0x00007ffc783e0000 - 0x00007ffc78489000 	C:\WINDOWS\System32\shcore.dll
0x00007ffc749c0000 - 0x00007ffc750cd000 	C:\WINDOWS\System32\windows.storage.dll
0x00007ffc78380000 - 0x00007ffc783d1000 	C:\WINDOWS\System32\shlwapi.dll
0x00007ffc74960000 - 0x00007ffc74971000 	C:\WINDOWS\System32\kernel.appcore.dll
0x00007ffc74980000 - 0x00007ffc7499f000 	C:\WINDOWS\System32\profapi.dll
0x00007ffc74910000 - 0x00007ffc7495c000 	C:\WINDOWS\System32\powrprof.dll
0x00007ffc74900000 - 0x00007ffc7490a000 	C:\WINDOWS\System32\FLTLIB.DLL
0x00007ffc67680000 - 0x00007ffc6769a000 	C:\Program Files\Android\Android Studio\jre\jre\bin\net.dll
0x00007ffc74120000 - 0x00007ffc74186000 	C:\WINDOWS\system32\mswsock.dll
0x00007ffc67640000 - 0x00007ffc67651000 	C:\Program Files\Android\Android Studio\jre\jre\bin\nio.dll
0x00007ffc653f0000 - 0x00007ffc65416000 	C:\Users\User\.gradle\native\29\windows-amd64\native-platform.dll
0x00007ffc68ad0000 - 0x00007ffc68add000 	C:\Program Files\Android\Android Studio\jre\jre\bin\management.dll
0x00007ffc742d0000 - 0x00007ffc742e7000 	C:\WINDOWS\SYSTEM32\CRYPTSP.dll
0x00007ffc73cd0000 - 0x00007ffc73d03000 	C:\WINDOWS\system32\rsaenh.dll
0x00007ffc74400000 - 0x00007ffc74425000 	C:\WINDOWS\SYSTEM32\bcrypt.dll
0x00007ffc74800000 - 0x00007ffc74828000 	C:\WINDOWS\SYSTEM32\USERENV.dll
0x00007ffc742f0000 - 0x00007ffc742fb000 	C:\WINDOWS\SYSTEM32\CRYPTBASE.dll
0x00007ffc73e70000 - 0x00007ffc73ea8000 	C:\WINDOWS\SYSTEM32\IPHLPAPI.DLL
0x00007ffc75a80000 - 0x00007ffc75a88000 	C:\WINDOWS\System32\NSI.dll
0x00007ffc6dfe0000 - 0x00007ffc6dff6000 	C:\WINDOWS\SYSTEM32\dhcpcsvc6.DLL
0x00007ffc6df40000 - 0x00007ffc6df5a000 	C:\WINDOWS\SYSTEM32\dhcpcsvc.DLL

VM Arguments:
jvm_args: -Xmx1536m -Dfile.encoding=x-windows-949 -Duser.country=KR -Duser.language=ko -Duser.variant 
java_command: org.gradle.launcher.daemon.bootstrap.GradleDaemon 5.4.1
java_class_path (initial): C:\Users\User\.gradle\wrapper\dists\gradle-5.4.1-all\3221gyojl5jsh0helicew7rwx\gradle-5.4.1\lib\gradle-launcher-5.4.1.jar
Launcher Type: SUN_STANDARD

Environment Variables:
JAVA_HOME=C:\Program Files\Java\jdk-10.0.2
PATH=C:\Program Files (x86)\Common Files\Oracle\Java\javapath;C:\ProgramData\Oracle\Java\javapath;C:\Program Files (x86)\Intel\iCLS Client\;C:\Program Files\Intel\iCLS Client\;C:\WINDOWS\system32;C:\WINDOWS;C:\WINDOWS\System32\Wbem;C:\WINDOWS\System32\WindowsPowerShell\v1.0\;C:\Program Files (x86)\Intel\Intel(R) Management Engine Components\DAL;C:\Program Files\Intel\Intel(R) Management Engine Components\DAL;C:\Program Files (x86)\Intel\Intel(R) Management Engine Components\IPT;C:\Program Files\Intel\Intel(R) Management Engine Components\IPT;C:\Program Files\Intel\WiFi\bin\;C:\Program Files\Common Files\Intel\WirelessCommon\;C:\WINDOWS\System32\OpenSSH\;C:\Program Files\Java\jdk-10.0.2\bin;C:\Program Files\Git\cmd;C:\Users\User\AppData\Local\Programs\Python\Python36\Scripts\;C:\Users\User\AppData\Local\Programs\Python\Python36\;C:\Users\User\AppData\Local\Programs\Python\Python36-32\Scripts\;C:\Users\User\AppData\Local\Programs\Python\Python36-32\;C:\Users\User\AppData\Local\Microsoft\WindowsApps;C:\Program Files\Bandizip\;C:\Program Files\Java\jdk-10.0.2\bin;;C:\Users\User\AppData\Local\Programs\Microsoft VS Code\bin
USERNAME=User
OS=Windows_NT
PROCESSOR_IDENTIFIER=Intel64 Family 6 Model 142 Stepping 10, GenuineIntel



---------------  S Y S T E M  ---------------

OS: Windows 10.0 , 64 bit Build 17134 (10.0.17134.753)

CPU:total 8 (initial active 8) (4 cores per cpu, 2 threads per core) family 6 model 142 stepping 10, cmov, cx8, fxsr, mmx, sse, sse2, sse3, ssse3, sse4.1, sse4.2, popcnt, avx, avx2, aes, clmul, erms, 3dnowpref, lzcnt, ht, tsc, tscinvbit, bmi1, bmi2, adx

Memory: 4k page, physical 8217940k(1081284k free), swap 24995028k(1940k free)

vm_info: OpenJDK 64-Bit Server VM (25.202-b03) for windows-amd64 JRE (1.8.0_202-release-1483-b03), built by "builder" with MS VC++ 10.0 (VS2010)

time: Tue Sep 03 16:27:55 2019
timezone: 대한민국 표준시
elapsed time: 1913 seconds (0d 0h 31m 53s)

